Построение начато 03.04.2014 13:16:38.
     1>Проект "C:\Users\FreakyMaryK\Desktop\SMR\offrenderstable\offrender\OffScreenRendering.vcxproj" в узле 2 (целевые объекты build).
     1>InitializeBuildStatus:
         Создание "OffScreenRendering.dir\Debug\OffScreenRendering.unsuccessfulbuild", так как было задано "AlwaysCreate".
       CustomBuild:
         Для всех выходных данных обновления не требуется.
       ClCompile:
         C:\Program Files (x86)\Microsoft Visual Studio 10.0\VC\bin\CL.exe /c /I"C:\Program Files\NVIDIA GPU Computing Toolkit\CUDA\v6.0\include" /IC:/Users/FreakyMaryK/BuildVTK58 /IC:/Users/FreakyMaryK/BuildVTK58/Common /IC:/Users/FreakyMaryK/BuildVTK58/Utilities /IC:/Users/FreakyMaryK/BuildVTK58/VolumeRendering /IC:/Users/FreakyMaryK/BuildVTK58/Rendering /IC:/Users/FreakyMaryK/BuildVTK58/Charts /IC:/Users/FreakyMaryK/BuildVTK58/Utilities/vtkalglib /IC:/Users/FreakyMaryK/vtk58/Infovis /IC:/Users/FreakyMaryK/vtk58/Geovis /IC:/Users/FreakyMaryK/vtk58/Views /IC:/Users/FreakyMaryK/vtk58/VolumeRendering /IC:/Users/FreakyMaryK/vtk58/Hybrid /IC:/Users/FreakyMaryK/vtk58/Widgets /IC:/Users/FreakyMaryK/vtk58/Rendering /IC:/Users/FreakyMaryK/vtk58/Charts /IC:/Users/FreakyMaryK/vtk58/Rendering/Testing/Cxx /IC:/Users/FreakyMaryK/vtk58/IO /IC:/Users/FreakyMaryK/vtk58/Imaging /IC:/Users/FreakyMaryK/vtk58/Graphics /IC:/Users/FreakyMaryK/vtk58/GenericFiltering /IC:/Users/FreakyMaryK/vtk58/Filtering /IC:/Users/FreakyMaryK/vtk58/Common /IC:/Users/FreakyMaryK/vtk58/Utilities /IC:/Users/FreakyMaryK/vtk58/Common/Testing/Cxx /IC:/Users/FreakyMaryK/BuildVTK58/Utilities/vtklibproj4 /IC:/Users/FreakyMaryK/vtk58/Utilities/vtklibproj4 /IC:/Users/FreakyMaryK/BuildVTK58/Utilities/DICOMParser /IC:/Users/FreakyMaryK/vtk58/Utilities/DICOMParser /IC:/Users/FreakyMaryK/BuildVTK58/Utilities/vtkfreetype/include /IC:/Users/FreakyMaryK/vtk58/Utilities/vtkfreetype/include /IC:/Users/FreakyMaryK/BuildVTK58/Utilities/MaterialLibrary /IC:/Users/FreakyMaryK/vtk58/Utilities/MaterialLibrary /IC:/Users/FreakyMaryK/BuildVTK58/Utilities/verdict /IC:/Users/FreakyMaryK/vtk58/Utilities/verdict /IC:/Users/FreakyMaryK/BuildVTK58/Utilities/vtkhdf5 /IC:/Users/FreakyMaryK/vtk58/Utilities/vtkhdf5 /IC:/Users/FreakyMaryK/BuildVTK58/Utilities/vtkhdf5/src /IC:/Users/FreakyMaryK/vtk58/Utilities/vtkhdf5/src /IC:/Users/FreakyMaryK/vtk58/Utilities/utf8/source /IC:/Users/FreakyMaryK/vtk58/Utilities/vtkalglib /Zi /nologo /W3 /WX- /Od /Ob0 /Oy- /D WIN32 /D _WINDOWS /D _DEBUG /D "CMAKE_INTDIR=\"Debug\"" /D _MBCS /Gm- /EHsc /RTC1 /MDd /GS /fp:precise /Zc:wchar_t /Zc:forScope /GR /Fo"OffScreenRendering.dir\Debug\\" /Fd"C:/Users/FreakyMaryK/Desktop/offrender/Debug/OffScreenRendering.pdb" /Gd /TP /analyze- /errorReport:prompt OffScreenRendering\OffScreenRendering.cxx
         OffScreenRendering.cxx
       ManifestResourceCompile:
         Для всех выходных данных обновления не требуется.
       Link:
         C:\Program Files (x86)\Microsoft Visual Studio 10.0\VC\bin\link.exe /ERRORREPORT:PROMPT /OUT:"C:\Users\FreakyMaryK\Desktop\offrender\Debug\OffScreenRendering.exe" /INCREMENTAL /NOLOGO writerYUV.lib codertoYUV.lib kernel32.lib user32.lib gdi32.lib winspool.lib shell32.lib ole32.lib oleaut32.lib uuid.lib comdlg32.lib advapi32.lib C:\Users\FreakyMaryK\BuildVTK58\bin\Debug\vtkCommon.lib C:\Users\FreakyMaryK\BuildVTK58\bin\Debug\vtkFiltering.lib C:\Users\FreakyMaryK\BuildVTK58\bin\Debug\vtkImaging.lib C:\Users\FreakyMaryK\BuildVTK58\bin\Debug\vtkGraphics.lib C:\Users\FreakyMaryK\BuildVTK58\bin\Debug\vtkGenericFiltering.lib C:\Users\FreakyMaryK\BuildVTK58\bin\Debug\vtkIO.lib C:\Users\FreakyMaryK\BuildVTK58\bin\Debug\vtkRendering.lib C:\Users\FreakyMaryK\BuildVTK58\bin\Debug\vtkVolumeRendering.lib C:\Users\FreakyMaryK\BuildVTK58\bin\Debug\vtkHybrid.lib C:\Users\FreakyMaryK\BuildVTK58\bin\Debug\vtkWidgets.lib C:\Users\FreakyMaryK\BuildVTK58\bin\Debug\vtkInfovis.lib C:\Users\FreakyMaryK\BuildVTK58\bin\Debug\vtkGeovis.lib C:\Users\FreakyMaryK\BuildVTK58\bin\Debug\vtkViews.lib C:\Users\FreakyMaryK\BuildVTK58\bin\Debug\vtkCharts.lib C:\Users\FreakyMaryK\BuildVTK58\bin\Debug\vtkproj4.lib C:\Users\FreakyMaryK\BuildVTK58\bin\Debug\vtkverdict.lib C:\Users\FreakyMaryK\BuildVTK58\bin\Debug\vtkDICOMParser.lib C:\Users\FreakyMaryK\BuildVTK58\bin\Debug\vtkNetCDF_cxx.lib C:\Users\FreakyMaryK\BuildVTK58\bin\Debug\vtkmetaio.lib C:\Users\FreakyMaryK\BuildVTK58\bin\Debug\vtksys.lib ws2_32.lib comctl32.lib wsock32.lib C:\Users\FreakyMaryK\BuildVTK58\bin\Debug\vtksqlite.lib C:\Users\FreakyMaryK\BuildVTK58\bin\Debug\vtkpng.lib C:\Users\FreakyMaryK\BuildVTK58\bin\Debug\vtktiff.lib C:\Users\FreakyMaryK\BuildVTK58\bin\Debug\vtkjpeg.lib C:\Users\FreakyMaryK\BuildVTK58\bin\Debug\vtkexpat.lib vfw32.lib C:\Users\FreakyMaryK\BuildVTK58\bin\Debug\vtkexoIIc.lib C:\Users\FreakyMaryK\BuildVTK58\bin\Debug\vtkNetCDF.lib C:\Users\FreakyMaryK\BuildVTK58\bin\Debug\vtklibxml2.lib C:\Users\FreakyMaryK\BuildVTK58\bin\Debug\vtkzlib.lib C:\Users\FreakyMaryK\BuildVTK58\bin\Debug\vtkalglib.lib C:\Users\FreakyMaryK\BuildVTK58\bin\Debug\vtkftgl.lib C:\Users\FreakyMaryK\BuildVTK58\bin\Debug\vtkfreetype.lib opengl32.lib /MANIFEST /ManifestFile:"OffScreenRendering.dir\Debug\OffScreenRendering.exe.intermediate.manifest" /MANIFESTUAC:"level='asInvoker' uiAccess='false'" /DEBUG /PDB:"C:/Users/FreakyMaryK/Desktop/offrender/Debug/OffScreenRendering.pdb" /SUBSYSTEM:CONSOLE /TLBID:1 /DYNAMICBASE /NXCOMPAT /IMPLIB:"C:/Users/FreakyMaryK/Desktop/offrender/Debug/OffScreenRendering.lib" /MACHINE:X86 OffScreenRendering.dir\Debug\OffScreenRendering.exe.embed.manifest.res
         OffScreenRendering.dir\Debug\OffScreenRendering.obj  /machine:X86 /debug 
       Manifest:
         C:\Program Files (x86)\Microsoft SDKs\Windows\v7.0A\bin\mt.exe /nologo /verbose /out:"OffScreenRendering.dir\Debug\OffScreenRendering.exe.embed.manifest" /manifest OffScreenRendering.dir\Debug\OffScreenRendering.exe.intermediate.manifest
         Для всех выходных данных обновления не требуется.
       LinkEmbedManifest:
         Для всех выходных данных обновления не требуется.
         OffScreenRendering.vcxproj -> C:\Users\FreakyMaryK\Desktop\offrender\Debug\OffScreenRendering.exe
       FinalizeBuildStatus:
         Файл "OffScreenRendering.dir\Debug\OffScreenRendering.unsuccessfulbuild" удаляется.
         Обращение к "OffScreenRendering.dir\Debug\OffScreenRendering.lastbuildstate".
     1>Построение проекта "C:\Users\FreakyMaryK\Desktop\SMR\offrenderstable\offrender\OffScreenRendering.vcxproj" завершено (целевые объекты build).

Построение успешно завершено.

Затраченное время: 00:00:04.77
