../../bin/win32/Debug/cudaEncode.ilk
../../bin/win32/Debug/cudaEncode.pdb
C:\Users\FreakyMaryK\Desktop\SMR\cudaEncode\3_Imaging\cudaEncode\../../bin/win32/Debug/cudaEncode.exe
C:\Users\FreakyMaryK\Desktop\SMR\cudaEncode\3_Imaging\cudaEncode\Win32\Debug\cl.command.1.tlog
C:\Users\FreakyMaryK\Desktop\SMR\cudaEncode\3_Imaging\cudaEncode\Win32\Debug\CL.read.1.tlog
C:\Users\FreakyMaryK\Desktop\SMR\cudaEncode\3_Imaging\cudaEncode\Win32\Debug\CL.write.1.tlog
C:\USERS\FREAKYMARYK\DESKTOP\SMR\CUDAENCODE\3_IMAGING\CUDAENCODE\WIN32\DEBUG\CUDAENCODE.EXE.INTERMEDIATE.MANIFEST
C:\Users\FreakyMaryK\Desktop\SMR\cudaEncode\3_Imaging\cudaEncode\Win32\Debug\cudaEncode.write.1.tlog
C:\Users\FreakyMaryK\Desktop\SMR\cudaEncode\3_Imaging\cudaEncode\Win32\Debug\cudaEncode_vs2010.vcxprojResolveAssemblyReference.cache
C:\Users\FreakyMaryK\Desktop\SMR\cudaEncode\3_Imaging\cudaEncode\Win32\Debug\link.command.1.tlog
C:\Users\FreakyMaryK\Desktop\SMR\cudaEncode\3_Imaging\cudaEncode\Win32\Debug\link.read.1.tlog
C:\Users\FreakyMaryK\Desktop\SMR\cudaEncode\3_Imaging\cudaEncode\Win32\Debug\link.write.1.tlog
C:\USERS\FREAKYMARYK\DESKTOP\SMR\CUDAENCODE\3_IMAGING\CUDAENCODE\WIN32\DEBUG\MAIN.OBJ
C:\Users\FreakyMaryK\Desktop\SMR\cudaEncode\3_Imaging\cudaEncode\Win32\Debug\mt.command.1.tlog
C:\Users\FreakyMaryK\Desktop\SMR\cudaEncode\3_Imaging\cudaEncode\Win32\Debug\mt.read.1.tlog
C:\Users\FreakyMaryK\Desktop\SMR\cudaEncode\3_Imaging\cudaEncode\Win32\Debug\mt.write.1.tlog
C:\Users\FreakyMaryK\Desktop\SMR\cudaEncode\3_Imaging\cudaEncode\Win32\Debug\vc100.idb
C:\USERS\FREAKYMARYK\DESKTOP\SMR\CUDAENCODE\3_IMAGING\CUDAENCODE\WIN32\DEBUG\VC100.PDB
C:\USERS\FREAKYMARYK\DESKTOP\SMR\CUDAENCODE\3_IMAGING\CUDAENCODE\WIN32\DEBUG\VIDEOENCODER.OBJ
C:\USERS\FREAKYMARYK\DESKTOP\SMR\CUDAENCODE\BIN\WIN32\DEBUG\CUDAENCODE.EXE
C:\USERS\FREAKYMARYK\DESKTOP\SMR\CUDAENCODE\BIN\WIN32\DEBUG\CUDAENCODE.ILK
C:\USERS\FREAKYMARYK\DESKTOP\SMR\CUDAENCODE\BIN\WIN32\DEBUG\CUDAENCODE.PDB
