C:\DEVELOPMENT\WRITERYUV\DEBUG\WRITERYUV.DLL
c:\Development\WriterYUV\Debug\WriterYUV.exp
C:\DEVELOPMENT\WRITERYUV\DEBUG\WRITERYUV.ILK
c:\Development\WriterYUV\Debug\WriterYUV.lib
C:\DEVELOPMENT\WRITERYUV\DEBUG\WRITERYUV.PDB
c:\Development\WriterYUV\WriterYUV\Debug\cl.command.1.tlog
c:\Development\WriterYUV\WriterYUV\Debug\CL.read.1.tlog
c:\Development\WriterYUV\WriterYUV\Debug\CL.write.1.tlog
c:\Development\WriterYUV\WriterYUV\Debug\link.7940.read.1.tlog
c:\Development\WriterYUV\WriterYUV\Debug\link.7940.write.1.tlog
c:\Development\WriterYUV\WriterYUV\Debug\link.7940-cvtres.read.1.tlog
c:\Development\WriterYUV\WriterYUV\Debug\link.7940-cvtres.write.1.tlog
c:\Development\WriterYUV\WriterYUV\Debug\link.command.1.tlog
c:\Development\WriterYUV\WriterYUV\Debug\link.read.1.tlog
c:\Development\WriterYUV\WriterYUV\Debug\link.write.1.tlog
c:\Development\WriterYUV\WriterYUV\Debug\link-cvtres.read.1.tlog
c:\Development\WriterYUV\WriterYUV\Debug\link-cvtres.write.1.tlog
c:\Development\WriterYUV\WriterYUV\Debug\mt.command.1.tlog
c:\Development\WriterYUV\WriterYUV\Debug\mt.read.1.tlog
c:\Development\WriterYUV\WriterYUV\Debug\mt.write.1.tlog
c:\Development\WriterYUV\WriterYUV\Debug\rc.command.1.tlog
c:\Development\WriterYUV\WriterYUV\Debug\rc.read.1.tlog
c:\Development\WriterYUV\WriterYUV\Debug\rc.write.1.tlog
C:\DEVELOPMENT\WRITERYUV\WRITERYUV\DEBUG\STDAFX.OBJ
c:\Development\WriterYUV\WriterYUV\Debug\vc100.idb
C:\DEVELOPMENT\WRITERYUV\WRITERYUV\DEBUG\VC100.PDB
c:\Development\WriterYUV\WriterYUV\Debug\WriterYUV.cu.cache
c:\Development\WriterYUV\WriterYUV\Debug\WriterYUV.cu.obj
C:\DEVELOPMENT\WRITERYUV\WRITERYUV\DEBUG\WRITERYUV.DLL.EMBED.MANIFEST
C:\DEVELOPMENT\WRITERYUV\WRITERYUV\DEBUG\WRITERYUV.DLL.EMBED.MANIFEST.RES
C:\DEVELOPMENT\WRITERYUV\WRITERYUV\DEBUG\WRITERYUV.DLL.INTERMEDIATE.MANIFEST
C:\DEVELOPMENT\WRITERYUV\WRITERYUV\DEBUG\WRITERYUV.PCH
c:\Development\WriterYUV\WriterYUV\Debug\WriterYUV.write.1.tlog
c:\Development\WriterYUV\WriterYUV\Debug\WriterYUV_manifest.rc
