Построение начато 02.04.2014 21:20:43.
     1>Проект "C:\Development\CodertoYUV\CodertoYUV\CodertoYUV.vcxproj" в узле 2 (целевые объекты build).
     1>InitializeBuildStatus:
         Создание "Debug\CodertoYUV.unsuccessfulbuild", так как было задано "AlwaysCreate".
       AddCudaCompileDeps:
         C:\Program Files (x86)\Microsoft Visual Studio 10.0\VC\bin\cl.exe /E /nologo /showIncludes /TP /D__CUDACC__ /DWIN32 /D_DEBUG /D_WINDOWS /D_USRDLL /DCODERTOYUV_EXPORTS /D_WINDLL /D_UNICODE /DUNICODE /I"C:\Program Files\NVIDIA GPU Computing Toolkit\CUDA\v5.5\include" /I"C:\Program Files\NVIDIA GPU Computing Toolkit\CUDA\v5.5\bin" /I"C:\Program Files\NVIDIA GPU Computing Toolkit\CUDA\v5.5\include" /I. /FIcuda_runtime.h /c C:\Development\CodertoYUV\CodertoYUV\CodertoYUV.cu 
       AddCudaCompilePropsDeps:
       Целевой объект "AddCudaCompilePropsDeps" пропускается, так как все выходные файлы актуальны по отношению к входным.
       CudaBuild:
         Compiling CUDA source file CodertoYUV.cu...
         cmd.exe /C "C:\Users\FreakyMaryK\AppData\Local\Temp\tmpb1953cfeec5f4d22826bd1fcb8eedaff.cmd"
         "C:\Program Files\NVIDIA GPU Computing Toolkit\CUDA\v5.5\bin\nvcc.exe" -gencode=arch=compute_10,code=\"sm_10,compute_10\" --use-local-env --cl-version 2010 -ccbin "C:\Program Files (x86)\Microsoft Visual Studio 10.0\VC\bin"  -I"C:\Program Files\NVIDIA GPU Computing Toolkit\CUDA\v5.5\include" -I"C:\Program Files\NVIDIA GPU Computing Toolkit\CUDA\v5.5\include"  -G   --keep-dir Debug -maxrregcount=0  --machine 32 --compile -cudart static  -g   -DWIN32 -D_DEBUG -D_WINDOWS -D_USRDLL -DCODERTOYUV_EXPORTS -D_WINDLL -D_UNICODE -DUNICODE -Xcompiler "/EHsc /W3 /nologo /Od /Zi /RTC1 /MDd  " -o Debug\CodertoYUV.cu.obj "C:\Development\CodertoYUV\CodertoYUV\CodertoYUV.cu"
         
         C:\Development\CodertoYUV\CodertoYUV>"C:\Program Files\NVIDIA GPU Computing Toolkit\CUDA\v5.5\bin\nvcc.exe" -gencode=arch=compute_10,code=\"sm_10,compute_10\" --use-local-env --cl-version 2010 -ccbin "C:\Program Files (x86)\Microsoft Visual Studio 10.0\VC\bin"  -I"C:\Program Files\NVIDIA GPU Computing Toolkit\CUDA\v5.5\include" -I"C:\Program Files\NVIDIA GPU Computing Toolkit\CUDA\v5.5\include"  -G   --keep-dir Debug -maxrregcount=0  --machine 32 --compile -cudart static  -g   -DWIN32 -D_DEBUG -D_WINDOWS -D_USRDLL -DCODERTOYUV_EXPORTS -D_WINDLL -D_UNICODE -DUNICODE -Xcompiler "/EHsc /W3 /nologo /Od /Zi /RTC1 /MDd  " -o Debug\CodertoYUV.cu.obj "C:\Development\CodertoYUV\CodertoYUV\CodertoYUV.cu" 
     1>C:/Development/CodertoYUV/CodertoYUV/CodertoYUV.cu(96): warning : subscript out of range
         
     1>C:/Development/CodertoYUV/CodertoYUV/CodertoYUV.cu(240): warning : variable "nbPixels" was declared but never referenced
         
     1>C:/Development/CodertoYUV/CodertoYUV/CodertoYUV.cu(260): warning : variable "nbYuvValues" was declared but never referenced
         
     1>C:/Development/CodertoYUV/CodertoYUV/CodertoYUV.cu(406): warning : variable "size2" was declared but never referenced
         
     1>C:/Development/CodertoYUV/CodertoYUV/CodertoYUV.cu(96): warning : subscript out of range
         
     1>C:/Development/CodertoYUV/CodertoYUV/CodertoYUV.cu(240): warning : variable "nbPixels" was declared but never referenced
         
     1>C:/Development/CodertoYUV/CodertoYUV/CodertoYUV.cu(260): warning : variable "nbYuvValues" was declared but never referenced
         
     1>C:/Development/CodertoYUV/CodertoYUV/CodertoYUV.cu(406): warning : variable "size2" was declared but never referenced
         
         ptxas C:/Users/FREAKY~1/AppData/Local/Temp/tmpxft_000019f0_00000000-4_CodertoYUV.ptx, line 344; : warning : Double is not supported. Demoting to float
       ClCompile:
         Для всех выходных данных обновления не требуется.
       ManifestResourceCompile:
         Для всех выходных данных обновления не требуется.
       Link:
         C:\Program Files (x86)\Microsoft Visual Studio 10.0\VC\bin\link.exe /ERRORREPORT:PROMPT /OUT:"C:\Development\CodertoYUV\Debug\CodertoYUV.dll" /INCREMENTAL /NOLOGO /LIBPATH:"C:\Program Files\NVIDIA GPU Computing Toolkit\CUDA\v5.5\lib\Win32" cudart.lib kernel32.lib user32.lib gdi32.lib winspool.lib comdlg32.lib advapi32.lib shell32.lib ole32.lib oleaut32.lib uuid.lib odbc32.lib odbccp32.lib /MANIFEST /ManifestFile:"Debug\CodertoYUV.dll.intermediate.manifest" /MANIFESTUAC:"level='asInvoker' uiAccess='false'" /DEBUG /PDB:"C:\Development\CodertoYUV\Debug\CodertoYUV.pdb" /SUBSYSTEM:WINDOWS /TLBID:1 /DYNAMICBASE /NXCOMPAT /IMPLIB:"C:\Development\CodertoYUV\Debug\CodertoYUV.lib" /MACHINE:X86 /DLL Debug\CodertoYUV.cu.obj
         Debug\CodertoYUV.dll.embed.manifest.res
         Debug\stdafx.obj
            Создается библиотека C:\Development\CodertoYUV\Debug\CodertoYUV.lib и объект C:\Development\CodertoYUV\Debug\CodertoYUV.exp
       Manifest:
         C:\Program Files (x86)\Microsoft SDKs\Windows\v7.0A\bin\mt.exe /nologo /verbose /out:"Debug\CodertoYUV.dll.embed.manifest" /manifest Debug\CodertoYUV.dll.intermediate.manifest
         Для всех выходных данных обновления не требуется.
       LinkEmbedManifest:
         Для всех выходных данных обновления не требуется.
         CodertoYUV.vcxproj -> C:\Development\CodertoYUV\Debug\CodertoYUV.dll
       FinalizeBuildStatus:
         Файл "Debug\CodertoYUV.unsuccessfulbuild" удаляется.
         Обращение к "Debug\CodertoYUV.lastbuildstate".
     1>Построение проекта "C:\Development\CodertoYUV\CodertoYUV\CodertoYUV.vcxproj" завершено (целевые объекты build).

Построение успешно завершено.

Затраченное время: 00:00:20.70
