C:\Development\CodertoYUV\CodertoYUV\Debug\cl.command.1.tlog
C:\Development\CodertoYUV\CodertoYUV\Debug\CL.read.1.tlog
C:\Development\CodertoYUV\CodertoYUV\Debug\CL.write.1.tlog
C:\Development\CodertoYUV\CodertoYUV\Debug\CodertoYUV.cu.cache
C:\Development\CodertoYUV\CodertoYUV\Debug\CodertoYUV.cu.obj
C:\DEVELOPMENT\CODERTOYUV\CODERTOYUV\DEBUG\CODERTOYUV.DLL.EMBED.MANIFEST
C:\DEVELOPMENT\CODERTOYUV\CODERTOYUV\DEBUG\CODERTOYUV.DLL.EMBED.MANIFEST.RES
C:\DEVELOPMENT\CODERTOYUV\CODERTOYUV\DEBUG\CODERTOYUV.DLL.INTERMEDIATE.MANIFEST
C:\DEVELOPMENT\CODERTOYUV\CODERTOYUV\DEBUG\CODERTOYUV.PCH
C:\Development\CodertoYUV\CodertoYUV\Debug\CodertoYUV.vcxprojResolveAssemblyReference.cache
C:\Development\CodertoYUV\CodertoYUV\Debug\CodertoYUV.write.1.tlog
C:\Development\CodertoYUV\CodertoYUV\Debug\CodertoYUV_manifest.rc
C:\Development\CodertoYUV\CodertoYUV\Debug\link.6248.read.1.tlog
C:\Development\CodertoYUV\CodertoYUV\Debug\link.6248.write.1.tlog
C:\Development\CodertoYUV\CodertoYUV\Debug\link.6248-cvtres.read.1.tlog
C:\Development\CodertoYUV\CodertoYUV\Debug\link.6248-cvtres.write.1.tlog
C:\Development\CodertoYUV\CodertoYUV\Debug\link.command.1.tlog
C:\Development\CodertoYUV\CodertoYUV\Debug\link.read.1.tlog
C:\Development\CodertoYUV\CodertoYUV\Debug\link.write.1.tlog
C:\Development\CodertoYUV\CodertoYUV\Debug\link-cvtres.read.1.tlog
C:\Development\CodertoYUV\CodertoYUV\Debug\link-cvtres.write.1.tlog
C:\Development\CodertoYUV\CodertoYUV\Debug\mt.command.1.tlog
C:\Development\CodertoYUV\CodertoYUV\Debug\mt.read.1.tlog
C:\Development\CodertoYUV\CodertoYUV\Debug\mt.write.1.tlog
C:\Development\CodertoYUV\CodertoYUV\Debug\rc.command.1.tlog
C:\Development\CodertoYUV\CodertoYUV\Debug\rc.read.1.tlog
C:\Development\CodertoYUV\CodertoYUV\Debug\rc.write.1.tlog
C:\DEVELOPMENT\CODERTOYUV\CODERTOYUV\DEBUG\STDAFX.OBJ
C:\Development\CodertoYUV\CodertoYUV\Debug\vc100.idb
C:\DEVELOPMENT\CODERTOYUV\CODERTOYUV\DEBUG\VC100.PDB
C:\DEVELOPMENT\CODERTOYUV\DEBUG\CODERTOYUV.DLL
C:\Development\CodertoYUV\Debug\CodertoYUV.exp
C:\DEVELOPMENT\CODERTOYUV\DEBUG\CODERTOYUV.ILK
C:\Development\CodertoYUV\Debug\CodertoYUV.lib
C:\DEVELOPMENT\CODERTOYUV\DEBUG\CODERTOYUV.PDB
